Copyright 1986-2019 Xilinx, Inc. All Rights Reserved.
----------------------------------------------------------------------------------------------------------------------------------------
| Tool Version     : Vivado v.2019.1 (lin64) Build 2552052 Fri May 24 14:47:09 MDT 2019
| Date             : Thu Dec  5 11:13:44 2019
| Host             : ygunarso-MacBookPro running 64-bit Ubuntu 18.04.3 LTS
| Command          : report_power -file TETRIS_power_routed.rpt -pb TETRIS_power_summary_routed.pb -rpx TETRIS_power_routed.rpx
| Design           : TETRIS
| Device           : xc7a100tcsg324-1
| Design State     : routed
| Grade            : commercial
| Process          : typical
| Characterization : Production
----------------------------------------------------------------------------------------------------------------------------------------

Power Report

Table of Contents
-----------------
1. Summary
1.1 On-Chip Components
1.2 Power Supply Summary
1.3 Confidence Level
2. Settings
2.1 Environment
2.2 Clock Constraints
3. Detailed Reports
3.1 By Hierarchy

1. Summary
----------

+--------------------------+--------------+
| Total On-Chip Power (W)  | 0.151        |
| Design Power Budget (W)  | Unspecified* |
| Power Budget Margin (W)  | NA           |
| Dynamic (W)              | 0.054        |
| Device Static (W)        | 0.097        |
| Effective TJA (C/W)      | 4.6          |
| Max Ambient (C)          | 84.3         |
| Junction Temperature (C) | 25.7         |
| Confidence Level         | Low          |
| Setting File             | ---          |
| Simulation Activity File | ---          |
| Design Nets Matched      | NA           |
+--------------------------+--------------+
* Specify Design Power Budget using, set_operating_conditions -design_power_budget <value in Watts>


1.1 On-Chip Components
----------------------

+----------------+-----------+----------+-----------+-----------------+
| On-Chip        | Power (W) | Used     | Available | Utilization (%) |
+----------------+-----------+----------+-----------+-----------------+
| Clocks         |    <0.001 |        3 |       --- |             --- |
| Slice Logic    |     0.027 |    10272 |       --- |             --- |
|   LUT as Logic |     0.025 |     6670 |     63400 |           10.52 |
|   CARRY4       |     0.001 |      563 |     15850 |            3.55 |
|   Register     |    <0.001 |     1566 |    126800 |            1.24 |
|   F7/F8 Muxes  |    <0.001 |      358 |     63400 |            0.56 |
|   BUFG         |    <0.001 |        2 |        32 |            6.25 |
|   Others       |     0.000 |       17 |       --- |             --- |
| Signals        |     0.024 |     7947 |       --- |             --- |
| I/O            |     0.003 |       22 |       210 |           10.48 |
| Static Power   |     0.097 |          |           |                 |
| Total          |     0.151 |          |           |                 |
+----------------+-----------+----------+-----------+-----------------+


1.2 Power Supply Summary
------------------------

+-----------+-------------+-----------+-------------+------------+
| Source    | Voltage (V) | Total (A) | Dynamic (A) | Static (A) |
+-----------+-------------+-----------+-------------+------------+
| Vccint    |       1.000 |     0.066 |       0.051 |      0.015 |
| Vccaux    |       1.800 |     0.018 |       0.000 |      0.018 |
| Vcco33    |       3.300 |     0.005 |       0.001 |      0.004 |
| Vcco25    |       2.500 |     0.000 |       0.000 |      0.000 |
| Vcco18    |       1.800 |     0.000 |       0.000 |      0.000 |
| Vcco15    |       1.500 |     0.000 |       0.000 |      0.000 |
| Vcco135   |       1.350 |     0.000 |       0.000 |      0.000 |
| Vcco12    |       1.200 |     0.000 |       0.000 |      0.000 |
| Vccaux_io |       1.800 |     0.000 |       0.000 |      0.000 |
| Vccbram   |       1.000 |     0.000 |       0.000 |      0.000 |
| MGTAVcc   |       1.000 |     0.000 |       0.000 |      0.000 |
| MGTAVtt   |       1.200 |     0.000 |       0.000 |      0.000 |
| Vccadc    |       1.800 |     0.020 |       0.000 |      0.020 |
+-----------+-------------+-----------+-------------+------------+


1.3 Confidence Level
--------------------

+-----------------------------+------------+--------------------------------------------------------+--------------------------------------------------------------------------------------------------------------------+
| User Input Data             | Confidence | Details                                                | Action                                                                                                             |
+-----------------------------+------------+--------------------------------------------------------+--------------------------------------------------------------------------------------------------------------------+
| Design implementation state | High       | Design is routed                                       |                                                                                                                    |
| Clock nodes activity        | Low        | User specified less than 75% of clocks                 | Provide missing clock activity with a constraint file, simulation results or by editing the "By Clock Domain" view |
| I/O nodes activity          | Low        | More than 75% of inputs are missing user specification | Provide missing input activity with simulation results or by editing the "By Resource Type -> I/Os" view           |
| Internal nodes activity     | Medium     | User specified less than 25% of internal nodes         | Provide missing internal nodes activity with simulation results or by editing the "By Resource Type" views         |
| Device models               | High       | Device models are Production                           |                                                                                                                    |
|                             |            |                                                        |                                                                                                                    |
| Overall confidence level    | Low        |                                                        |                                                                                                                    |
+-----------------------------+------------+--------------------------------------------------------+--------------------------------------------------------------------------------------------------------------------+


2. Settings
-----------

2.1 Environment
---------------

+-----------------------+--------------------------+
| Ambient Temp (C)      | 25.0                     |
| ThetaJA (C/W)         | 4.6                      |
| Airflow (LFM)         | 250                      |
| Heat Sink             | medium (Medium Profile)  |
| ThetaSA (C/W)         | 4.6                      |
| Board Selection       | medium (10"x10")         |
| # of Board Layers     | 12to15 (12 to 15 Layers) |
| Board Temperature (C) | 25.0                     |
+-----------------------+--------------------------+


2.2 Clock Constraints
---------------------

+-----------+--------+-----------------+
| Clock     | Domain | Constraint (ns) |
+-----------+--------+-----------------+
| clk_50MHz | clock  |            20.0 |
+-----------+--------+-----------------+


3. Detailed Reports
-------------------

3.1 By Hierarchy
----------------

+--------------+-----------+
| Name         | Power (W) |
+--------------+-----------+
| TETRIS       |     0.054 |
|   U2         |     0.002 |
|   U4         |     0.010 |
|   U5         |     0.013 |
|   U6         |     0.001 |
|   mm         |     0.001 |
|     note_gen |     0.001 |
+--------------+-----------+


